<?xml version="1.0" encoding="UTF-8"?>
<!-- Generated by org.testng.reporters.JUnitReportReporter -->
<testsuite hostname="DESKTOP-FSBL58D" failures="0" tests="4" name="tn.esprit.rh.achat.CategorieproduitImplTest" time="6.118" errors="0" timestamp="2022-11-05T18:20:26 CET" skipped="0">
  <testcase classname="tn.esprit.rh.achat.CategorieproduitImplTest" name="testRetrieveCategorieProduit" time="1.508"/>
  <system-out/>
  <testcase classname="tn.esprit.rh.achat.CategorieproduitImplTest" name="TestDeleteCategorieProduit" time="1.547"/>
  <system-out/>
  <testcase classname="tn.esprit.rh.achat.CategorieproduitImplTest" name="getAllCategorieProduitTest" time="1.524"/>
  <system-out/>
  <testcase classname="tn.esprit.rh.achat.CategorieproduitImplTest" name="createCategorieProduitTest" time="1.539"/>
  <system-out/>
</testsuite> <!-- tn.esprit.rh.achat.CategorieproduitImplTest -->
